2020-04-19 09:42:03.971[main][main] INFO  c.e.security.SecurityApplication - Starting SecurityApplication on DESKTOP-7FGB2I0 with PID 4568 (E:\java\security\target\classes started by Asus in E:\java\security)
2020-04-19 09:42:03.974[main][main] INFO  c.e.security.SecurityApplication - No active profile set, falling back to default profiles: default
2020-04-19 09:42:06.200[main][main] DEBUG org.apache.ibatis.logging.LogFactory - Logging initialized using 'class org.apache.ibatis.logging.slf4j.Slf4jImpl' adapter.
2020-04-19 09:42:06.746[main][main] INFO  o.s.b.w.e.tomcat.TomcatWebServer - Tomcat initialized with port(s): 8080 (http)
2020-04-19 09:42:06.758[main][main] INFO  o.a.coyote.http11.Http11NioProtocol - Initializing ProtocolHandler ["http-nio-8080"]
2020-04-19 09:42:06.759[main][main] INFO  o.a.catalina.core.StandardService - Starting service [Tomcat]
2020-04-19 09:42:06.759[main][main] INFO  o.a.catalina.core.StandardEngine - Starting Servlet engine: [Apache Tomcat/9.0.33]
2020-04-19 09:42:06.874[main][main] INFO  o.a.c.c.C.[Tomcat].[localhost].[/] - Initializing Spring embedded WebApplicationContext
2020-04-19 09:42:06.875[main][main] INFO  o.s.web.context.ContextLoader - Root WebApplicationContext: initialization completed in 2804 ms
2020-04-19 09:42:07.120[main][main] INFO  c.a.d.s.b.a.DruidDataSourceAutoConfigure - Init DruidDataSource
2020-04-19 09:42:07.307[main][main] INFO  c.alibaba.druid.pool.DruidDataSource - {dataSource-1} inited
2020-04-19 09:42:07.792[main][main] INFO  o.s.s.c.ThreadPoolTaskExecutor - Initializing ExecutorService 'applicationTaskExecutor'
2020-04-19 09:42:08.290[main][main] INFO  o.s.s.web.DefaultSecurityFilterChain - Creating filter chain: any request, [org.springframework.security.web.context.request.async.WebAsyncManagerIntegrationFilter@624b523, org.springframework.security.web.context.SecurityContextPersistenceFilter@160e99e0, org.springframework.security.web.header.HeaderWriterFilter@63a9c661, org.springframework.security.web.authentication.logout.LogoutFilter@4877919f, org.springframework.security.web.authentication.UsernamePasswordAuthenticationFilter@740dcae3, org.springframework.security.web.savedrequest.RequestCacheAwareFilter@365afe87, org.springframework.security.web.servletapi.SecurityContextHolderAwareRequestFilter@3a38f122, org.springframework.security.web.authentication.AnonymousAuthenticationFilter@50b46e24, org.springframework.security.web.session.SessionManagementFilter@5934153e, org.springframework.security.web.access.ExceptionTranslationFilter@50085d9c, org.springframework.security.web.access.intercept.FilterSecurityInterceptor@56826a75]
2020-04-19 09:42:08.350[main][main] INFO  o.a.coyote.http11.Http11NioProtocol - Starting ProtocolHandler ["http-nio-8080"]
2020-04-19 09:42:08.378[main][main] INFO  o.s.b.w.e.tomcat.TomcatWebServer - Tomcat started on port(s): 8080 (http) with context path ''
2020-04-19 09:42:08.383[main][main] INFO  c.e.security.SecurityApplication - Started SecurityApplication in 5.317 seconds (JVM running for 7.617)
2020-04-19 10:12:39.402[main][main] INFO  o.s.b.t.c.SpringBootTestContextBootstrapper - Neither @ContextConfiguration nor @ContextHierarchy found for test class [com.example.security.SecurityApplicationTests], using SpringBootContextLoader
2020-04-19 10:12:39.412[main][main] INFO  o.s.t.c.s.AbstractContextLoader - Could not detect default resource locations for test class [com.example.security.SecurityApplicationTests]: no resource found for suffixes {-context.xml, Context.groovy}.
2020-04-19 10:12:39.413[main][main] INFO  o.s.t.c.s.AnnotationConfigContextLoaderUtils - Could not detect default configuration classes for test class [com.example.security.SecurityApplicationTests]: SecurityApplicationTests does not declare any static, non-private, non-final, nested classes annotated with @Configuration.
2020-04-19 10:12:39.610[main][main] INFO  o.s.b.t.c.SpringBootTestContextBootstrapper - Found @SpringBootConfiguration com.example.security.SecurityApplication for test class com.example.security.SecurityApplicationTests
2020-04-19 10:12:39.723[main][main] INFO  o.s.b.t.c.SpringBootTestContextBootstrapper - Loaded default TestExecutionListener class names from location [META-INF/spring.factories]: [org.springframework.boot.test.mock.mockito.MockitoTestExecutionListener, org.springframework.boot.test.mock.mockito.ResetMocksTestExecutionListener, org.springframework.boot.test.autoconfigure.restdocs.RestDocsTestExecutionListener, org.springframework.boot.test.autoconfigure.web.client.MockRestServiceServerResetTestExecutionListener, org.springframework.boot.test.autoconfigure.web.servlet.MockMvcPrintOnlyOnFailureTestExecutionListener, org.springframework.boot.test.autoconfigure.web.servlet.WebDriverTestExecutionListener, org.springframework.test.context.web.ServletTestExecutionListener, org.springframework.test.context.support.DirtiesContextBeforeModesTestExecutionListener, org.springframework.test.context.support.DependencyInjectionTestExecutionListener, org.springframework.test.context.support.DirtiesContextTestExecutionListener, org.springframework.test.context.transaction.TransactionalTestExecutionListener, org.springframework.test.context.jdbc.SqlScriptsTestExecutionListener, org.springframework.test.context.event.EventPublishingTestExecutionListener, org.springframework.security.test.context.support.WithSecurityContextTestExecutionListener, org.springframework.security.test.context.support.ReactorContextTestExecutionListener]
2020-04-19 10:12:39.760[main][main] INFO  o.s.b.t.c.SpringBootTestContextBootstrapper - Using TestExecutionListeners: [org.springframework.test.context.web.ServletTestExecutionListener@3da05287, org.springframework.test.context.support.DirtiesContextBeforeModesTestExecutionListener@1e636ea3, org.springframework.boot.test.mock.mockito.MockitoTestExecutionListener@115667d, org.springframework.boot.test.autoconfigure.SpringBootDependencyInjectionTestExecutionListener@736caf7a, org.springframework.test.context.support.DirtiesContextTestExecutionListener@4ce7fffa, org.springframework.test.context.transaction.TransactionalTestExecutionListener@497486b3, org.springframework.test.context.jdbc.SqlScriptsTestExecutionListener@63f8276e, org.springframework.test.context.event.EventPublishingTestExecutionListener@75f95314, org.springframework.security.test.context.support.WithSecurityContextTestExecutionListener@6127a7e, org.springframework.security.test.context.support.ReactorContextTestExecutionListener@6bbe2511, org.springframework.boot.test.mock.mockito.ResetMocksTestExecutionListener@495fac5f, org.springframework.boot.test.autoconfigure.restdocs.RestDocsTestExecutionListener@76012793, org.springframework.boot.test.autoconfigure.web.client.MockRestServiceServerResetTestExecutionListener@635572a7, org.springframework.boot.test.autoconfigure.web.servlet.MockMvcPrintOnlyOnFailureTestExecutionListener@79d94571, org.springframework.boot.test.autoconfigure.web.servlet.WebDriverTestExecutionListener@4dd02341]
2020-04-19 10:12:40.190[main][main] INFO  c.e.s.SecurityApplicationTests - Starting SecurityApplicationTests on DESKTOP-7FGB2I0 with PID 15332 (started by Asus in E:\java\security)
2020-04-19 10:12:40.191[main][main] INFO  c.e.s.SecurityApplicationTests - No active profile set, falling back to default profiles: default
2020-04-19 10:12:41.291[main][main] DEBUG org.apache.ibatis.logging.LogFactory - Logging initialized using 'class org.apache.ibatis.logging.slf4j.Slf4jImpl' adapter.
2020-04-19 10:12:42.128[main][main] INFO  c.a.d.s.b.a.DruidDataSourceAutoConfigure - Init DruidDataSource
2020-04-19 10:12:42.504[main][main] INFO  c.alibaba.druid.pool.DruidDataSource - {dataSource-1} inited
2020-04-19 10:12:43.466[main][main] INFO  o.s.s.c.ThreadPoolTaskExecutor - Initializing ExecutorService 'applicationTaskExecutor'
2020-04-19 10:12:44.943[main][main] INFO  o.s.s.web.DefaultSecurityFilterChain - Creating filter chain: any request, [org.springframework.security.web.context.request.async.WebAsyncManagerIntegrationFilter@5866731, org.springframework.security.web.context.SecurityContextPersistenceFilter@527937d0, org.springframework.security.web.header.HeaderWriterFilter@340afaf8, org.springframework.security.web.authentication.logout.LogoutFilter@79195c22, org.springframework.security.web.authentication.UsernamePasswordAuthenticationFilter@51f68849, org.springframework.security.web.savedrequest.RequestCacheAwareFilter@24d8f87a, org.springframework.security.web.servletapi.SecurityContextHolderAwareRequestFilter@e3899fd, org.springframework.security.web.authentication.AnonymousAuthenticationFilter@56a05324, org.springframework.security.web.session.SessionManagementFilter@2c8b8de0, org.springframework.security.web.access.ExceptionTranslationFilter@70c29356, org.springframework.security.web.access.intercept.FilterSecurityInterceptor@7b297740]
2020-04-19 10:12:45.069[main][main] INFO  c.e.s.SecurityApplicationTests - Started SecurityApplicationTests in 5.259 seconds (JVM running for 7.057)
2020-04-19 10:12:45.912[SpringContextShutdownHook][SpringContextShutdownHook] INFO  o.s.s.c.ThreadPoolTaskExecutor - Shutting down ExecutorService 'applicationTaskExecutor'
2020-04-19 10:12:45.915[SpringContextShutdownHook][SpringContextShutdownHook] INFO  c.alibaba.druid.pool.DruidDataSource - {dataSource-1} closing ...
2020-04-19 10:12:45.918[SpringContextShutdownHook][SpringContextShutdownHook] INFO  c.alibaba.druid.pool.DruidDataSource - {dataSource-1} closed
2020-04-19 10:13:07.689[http-nio-8080-exec-1][http-nio-8080-exec-1] INFO  o.a.c.c.C.[Tomcat].[localhost].[/] - Initializing Spring DispatcherServlet 'dispatcherServlet'
2020-04-19 10:13:07.696[http-nio-8080-exec-1][http-nio-8080-exec-1] INFO  o.s.web.servlet.DispatcherServlet - Initializing Servlet 'dispatcherServlet'
2020-04-19 10:13:07.754[http-nio-8080-exec-1][http-nio-8080-exec-1] INFO  o.s.web.servlet.DispatcherServlet - Completed initialization in 57 ms
2020-04-19 10:13:08.675[http-nio-8080-exec-1][http-nio-8080-exec-1] WARN  o.a.c.util.SessionIdGeneratorBase - Creation of SecureRandom instance for session ID generation using [SHA1PRNG] took [793] milliseconds.
2020-04-19 10:38:07.749[main][main] INFO  c.e.security.SecurityApplication - Starting SecurityApplication on DESKTOP-7FGB2I0 with PID 1964 (E:\java\security\target\classes started by Asus in E:\java\security)
2020-04-19 10:38:07.754[main][main] INFO  c.e.security.SecurityApplication - No active profile set, falling back to default profiles: default
2020-04-19 10:38:08.711[main][main] DEBUG org.apache.ibatis.logging.LogFactory - Logging initialized using 'class org.apache.ibatis.logging.slf4j.Slf4jImpl' adapter.
2020-04-19 10:38:09.170[main][main] INFO  o.s.b.w.e.tomcat.TomcatWebServer - Tomcat initialized with port(s): 8080 (http)
2020-04-19 10:38:09.182[main][main] INFO  o.a.coyote.http11.Http11NioProtocol - Initializing ProtocolHandler ["http-nio-8080"]
2020-04-19 10:38:09.182[main][main] INFO  o.a.catalina.core.StandardService - Starting service [Tomcat]
2020-04-19 10:38:09.183[main][main] INFO  o.a.catalina.core.StandardEngine - Starting Servlet engine: [Apache Tomcat/9.0.33]
2020-04-19 10:38:09.304[main][main] INFO  o.a.c.c.C.[Tomcat].[localhost].[/] - Initializing Spring embedded WebApplicationContext
2020-04-19 10:38:09.304[main][main] INFO  o.s.web.context.ContextLoader - Root WebApplicationContext: initialization completed in 1470 ms
2020-04-19 10:38:09.557[main][main] INFO  c.a.d.s.b.a.DruidDataSourceAutoConfigure - Init DruidDataSource
2020-04-19 10:38:09.933[main][main] INFO  c.alibaba.druid.pool.DruidDataSource - {dataSource-1} inited
2020-04-19 10:38:10.315[main][main] INFO  o.s.s.c.ThreadPoolTaskExecutor - Initializing ExecutorService 'applicationTaskExecutor'
2020-04-19 10:38:10.625[main][main] INFO  o.s.s.web.DefaultSecurityFilterChain - Creating filter chain: any request, [org.springframework.security.web.context.request.async.WebAsyncManagerIntegrationFilter@4c731956, org.springframework.security.web.context.SecurityContextPersistenceFilter@39b626e5, org.springframework.security.web.header.HeaderWriterFilter@69a024a0, org.springframework.security.web.authentication.logout.LogoutFilter@7fbd3e75, org.springframework.security.web.authentication.UsernamePasswordAuthenticationFilter@2ba42204, org.springframework.security.web.savedrequest.RequestCacheAwareFilter@2e71240b, org.springframework.security.web.servletapi.SecurityContextHolderAwareRequestFilter@3bb9ca38, org.springframework.security.web.authentication.AnonymousAuthenticationFilter@56826a75, org.springframework.security.web.session.SessionManagementFilter@2d7637e6, org.springframework.security.web.access.ExceptionTranslationFilter@1e3f0aea, org.springframework.security.web.access.intercept.FilterSecurityInterceptor@477021ee]
2020-04-19 10:38:10.686[main][main] INFO  o.a.coyote.http11.Http11NioProtocol - Starting ProtocolHandler ["http-nio-8080"]
2020-04-19 10:38:10.719[main][main] INFO  o.s.b.w.e.tomcat.TomcatWebServer - Tomcat started on port(s): 8080 (http) with context path ''
2020-04-19 10:38:10.723[main][main] INFO  c.e.security.SecurityApplication - Started SecurityApplication in 3.354 seconds (JVM running for 4.925)
2020-04-19 10:38:44.528[http-nio-8080-exec-1][http-nio-8080-exec-1] INFO  o.a.c.c.C.[Tomcat].[localhost].[/] - Initializing Spring DispatcherServlet 'dispatcherServlet'
2020-04-19 10:38:44.530[http-nio-8080-exec-1][http-nio-8080-exec-1] INFO  o.s.web.servlet.DispatcherServlet - Initializing Servlet 'dispatcherServlet'
2020-04-19 10:38:44.543[http-nio-8080-exec-1][http-nio-8080-exec-1] INFO  o.s.web.servlet.DispatcherServlet - Completed initialization in 12 ms
2020-04-19 10:38:45.489[http-nio-8080-exec-1][http-nio-8080-exec-1] WARN  o.a.c.util.SessionIdGeneratorBase - Creation of SecureRandom instance for session ID generation using [SHA1PRNG] took [878] milliseconds.
