2020-04-17 18:10:02.132[main][main] INFO  o.s.b.t.c.SpringBootTestContextBootstrapper - Neither @ContextConfiguration nor @ContextHierarchy found for test class [com.example.security.SecurityApplicationTests], using SpringBootContextLoader
2020-04-17 18:10:02.138[main][main] INFO  o.s.t.c.s.AbstractContextLoader - Could not detect default resource locations for test class [com.example.security.SecurityApplicationTests]: no resource found for suffixes {-context.xml, Context.groovy}.
2020-04-17 18:10:02.139[main][main] INFO  o.s.t.c.s.AnnotationConfigContextLoaderUtils - Could not detect default configuration classes for test class [com.example.security.SecurityApplicationTests]: SecurityApplicationTests does not declare any static, non-private, non-final, nested classes annotated with @Configuration.
2020-04-17 18:10:02.316[main][main] INFO  o.s.b.t.c.SpringBootTestContextBootstrapper - Found @SpringBootConfiguration com.example.security.SecurityApplication for test class com.example.security.SecurityApplicationTests
2020-04-17 18:10:02.534[main][main] INFO  o.s.b.t.c.SpringBootTestContextBootstrapper - Loaded default TestExecutionListener class names from location [META-INF/spring.factories]: [org.springframework.boot.test.mock.mockito.MockitoTestExecutionListener, org.springframework.boot.test.mock.mockito.ResetMocksTestExecutionListener, org.springframework.boot.test.autoconfigure.restdocs.RestDocsTestExecutionListener, org.springframework.boot.test.autoconfigure.web.client.MockRestServiceServerResetTestExecutionListener, org.springframework.boot.test.autoconfigure.web.servlet.MockMvcPrintOnlyOnFailureTestExecutionListener, org.springframework.boot.test.autoconfigure.web.servlet.WebDriverTestExecutionListener, org.springframework.test.context.web.ServletTestExecutionListener, org.springframework.test.context.support.DirtiesContextBeforeModesTestExecutionListener, org.springframework.test.context.support.DependencyInjectionTestExecutionListener, org.springframework.test.context.support.DirtiesContextTestExecutionListener, org.springframework.test.context.transaction.TransactionalTestExecutionListener, org.springframework.test.context.jdbc.SqlScriptsTestExecutionListener, org.springframework.test.context.event.EventPublishingTestExecutionListener, org.springframework.security.test.context.support.WithSecurityContextTestExecutionListener, org.springframework.security.test.context.support.ReactorContextTestExecutionListener]
2020-04-17 18:10:02.581[main][main] INFO  o.s.b.t.c.SpringBootTestContextBootstrapper - Using TestExecutionListeners: [org.springframework.test.context.web.ServletTestExecutionListener@3da05287, org.springframework.test.context.support.DirtiesContextBeforeModesTestExecutionListener@1e636ea3, org.springframework.boot.test.mock.mockito.MockitoTestExecutionListener@115667d, org.springframework.boot.test.autoconfigure.SpringBootDependencyInjectionTestExecutionListener@736caf7a, org.springframework.test.context.support.DirtiesContextTestExecutionListener@4ce7fffa, org.springframework.test.context.transaction.TransactionalTestExecutionListener@497486b3, org.springframework.test.context.jdbc.SqlScriptsTestExecutionListener@63f8276e, org.springframework.test.context.event.EventPublishingTestExecutionListener@75f95314, org.springframework.security.test.context.support.WithSecurityContextTestExecutionListener@6127a7e, org.springframework.security.test.context.support.ReactorContextTestExecutionListener@6bbe2511, org.springframework.boot.test.mock.mockito.ResetMocksTestExecutionListener@495fac5f, org.springframework.boot.test.autoconfigure.restdocs.RestDocsTestExecutionListener@76012793, org.springframework.boot.test.autoconfigure.web.client.MockRestServiceServerResetTestExecutionListener@635572a7, org.springframework.boot.test.autoconfigure.web.servlet.MockMvcPrintOnlyOnFailureTestExecutionListener@79d94571, org.springframework.boot.test.autoconfigure.web.servlet.WebDriverTestExecutionListener@4dd02341]
2020-04-17 18:10:02.972[main][main] INFO  c.e.s.SecurityApplicationTests - Starting SecurityApplicationTests on DESKTOP-7FGB2I0 with PID 2124 (started by Asus in E:\java\security)
2020-04-17 18:10:02.973[main][main] INFO  c.e.s.SecurityApplicationTests - No active profile set, falling back to default profiles: default
2020-04-17 18:10:04.148[main][main] DEBUG org.apache.ibatis.logging.LogFactory - Logging initialized using 'class org.apache.ibatis.logging.slf4j.Slf4jImpl' adapter.
2020-04-17 18:10:04.821[main][main] INFO  c.a.d.s.b.a.DruidDataSourceAutoConfigure - Init DruidDataSource
2020-04-17 18:10:05.139[main][main] INFO  c.alibaba.druid.pool.DruidDataSource - {dataSource-1} inited
2020-04-17 18:10:05.708[main][main] INFO  o.s.s.c.ThreadPoolTaskExecutor - Initializing ExecutorService 'applicationTaskExecutor'
2020-04-17 18:10:07.000[main][main] INFO  o.s.s.web.DefaultSecurityFilterChain - Creating filter chain: any request, [org.springframework.security.web.context.request.async.WebAsyncManagerIntegrationFilter@72c9ebfa, org.springframework.security.web.context.SecurityContextPersistenceFilter@12abcd1e, org.springframework.security.web.header.HeaderWriterFilter@6222391a, org.springframework.security.web.authentication.logout.LogoutFilter@6314df3c, org.springframework.security.web.authentication.UsernamePasswordAuthenticationFilter@4fea840f, org.springframework.security.web.authentication.ui.DefaultLoginPageGeneratingFilter@5a592c70, org.springframework.security.web.authentication.ui.DefaultLogoutPageGeneratingFilter@686cf8ad, org.springframework.security.web.savedrequest.RequestCacheAwareFilter@20349058, org.springframework.security.web.servletapi.SecurityContextHolderAwareRequestFilter@42c12b3e, org.springframework.security.web.authentication.AnonymousAuthenticationFilter@747f6c5a, org.springframework.security.web.session.SessionManagementFilter@508ad266, org.springframework.security.web.access.ExceptionTranslationFilter@27a9f025, org.springframework.security.web.access.intercept.FilterSecurityInterceptor@4602f874]
2020-04-17 18:10:07.111[main][main] INFO  c.e.s.SecurityApplicationTests - Started SecurityApplicationTests in 4.467 seconds (JVM running for 6.564)
2020-04-17 18:10:07.751[SpringContextShutdownHook][SpringContextShutdownHook] INFO  o.s.s.c.ThreadPoolTaskExecutor - Shutting down ExecutorService 'applicationTaskExecutor'
2020-04-17 18:10:07.753[SpringContextShutdownHook][SpringContextShutdownHook] INFO  c.alibaba.druid.pool.DruidDataSource - {dataSource-1} closing ...
2020-04-17 18:10:07.755[SpringContextShutdownHook][SpringContextShutdownHook] INFO  c.alibaba.druid.pool.DruidDataSource - {dataSource-1} closed
2020-04-17 18:10:18.874[main][main] INFO  c.e.security.SecurityApplication - Starting SecurityApplication on DESKTOP-7FGB2I0 with PID 17064 (E:\java\security\target\classes started by Asus in E:\java\security)
2020-04-17 18:10:18.878[main][main] INFO  c.e.security.SecurityApplication - No active profile set, falling back to default profiles: default
2020-04-17 18:10:19.677[main][main] DEBUG org.apache.ibatis.logging.LogFactory - Logging initialized using 'class org.apache.ibatis.logging.slf4j.Slf4jImpl' adapter.
2020-04-17 18:10:20.042[main][main] INFO  o.s.b.w.e.tomcat.TomcatWebServer - Tomcat initialized with port(s): 8080 (http)
2020-04-17 18:10:20.066[main][main] INFO  o.a.coyote.http11.Http11NioProtocol - Initializing ProtocolHandler ["http-nio-8080"]
2020-04-17 18:10:20.067[main][main] INFO  o.a.catalina.core.StandardService - Starting service [Tomcat]
2020-04-17 18:10:20.068[main][main] INFO  o.a.catalina.core.StandardEngine - Starting Servlet engine: [Apache Tomcat/9.0.33]
2020-04-17 18:10:20.181[main][main] INFO  o.a.c.c.C.[Tomcat].[localhost].[/] - Initializing Spring embedded WebApplicationContext
2020-04-17 18:10:20.182[main][main] INFO  o.s.web.context.ContextLoader - Root WebApplicationContext: initialization completed in 1239 ms
2020-04-17 18:10:20.342[main][main] INFO  c.a.d.s.b.a.DruidDataSourceAutoConfigure - Init DruidDataSource
2020-04-17 18:10:20.428[main][main] INFO  c.alibaba.druid.pool.DruidDataSource - {dataSource-1} inited
2020-04-17 18:10:20.582[main][main] INFO  o.s.s.c.ThreadPoolTaskExecutor - Initializing ExecutorService 'applicationTaskExecutor'
2020-04-17 18:10:20.868[main][main] INFO  o.s.s.web.DefaultSecurityFilterChain - Creating filter chain: any request, [org.springframework.security.web.context.request.async.WebAsyncManagerIntegrationFilter@3d53e6f7, org.springframework.security.web.context.SecurityContextPersistenceFilter@2f677247, org.springframework.security.web.header.HeaderWriterFilter@b5c6a30, org.springframework.security.web.authentication.logout.LogoutFilter@4e3f2908, org.springframework.security.web.authentication.UsernamePasswordAuthenticationFilter@4293e066, org.springframework.security.web.authentication.ui.DefaultLoginPageGeneratingFilter@4391a2d8, org.springframework.security.web.authentication.ui.DefaultLogoutPageGeneratingFilter@1de4bee0, org.springframework.security.web.savedrequest.RequestCacheAwareFilter@7a1b8a46, org.springframework.security.web.servletapi.SecurityContextHolderAwareRequestFilter@b791a81, org.springframework.security.web.authentication.AnonymousAuthenticationFilter@3ece79fe, org.springframework.security.web.session.SessionManagementFilter@1775c4e7, org.springframework.security.web.access.ExceptionTranslationFilter@1ca610a0, org.springframework.security.web.access.intercept.FilterSecurityInterceptor@691124ee]
2020-04-17 18:10:20.915[main][main] INFO  o.a.coyote.http11.Http11NioProtocol - Starting ProtocolHandler ["http-nio-8080"]
2020-04-17 18:10:20.938[main][main] INFO  o.s.b.w.e.tomcat.TomcatWebServer - Tomcat started on port(s): 8080 (http) with context path ''
2020-04-17 18:10:20.943[main][main] INFO  c.e.security.SecurityApplication - Started SecurityApplication in 2.539 seconds (JVM running for 3.983)
2020-04-17 18:10:33.434[http-nio-8080-exec-1][http-nio-8080-exec-1] INFO  o.a.c.c.C.[Tomcat].[localhost].[/] - Initializing Spring DispatcherServlet 'dispatcherServlet'
2020-04-17 18:10:33.437[http-nio-8080-exec-1][http-nio-8080-exec-1] INFO  o.s.web.servlet.DispatcherServlet - Initializing Servlet 'dispatcherServlet'
2020-04-17 18:10:33.445[http-nio-8080-exec-1][http-nio-8080-exec-1] INFO  o.s.web.servlet.DispatcherServlet - Completed initialization in 8 ms
2020-04-17 18:10:33.814[http-nio-8080-exec-1][http-nio-8080-exec-1] WARN  o.a.c.util.SessionIdGeneratorBase - Creation of SecureRandom instance for session ID generation using [SHA1PRNG] took [343] milliseconds.
2020-04-17 18:10:40.854[http-nio-8080-exec-7][http-nio-8080-exec-7] DEBUG c.e.s.m.U.loadUserByUsername - ==>  Preparing: select * from user where username = ? 
2020-04-17 18:10:40.868[http-nio-8080-exec-7][http-nio-8080-exec-7] DEBUG c.e.s.m.U.loadUserByUsername - ==> Parameters: user(String)
2020-04-17 18:10:40.908[http-nio-8080-exec-7][http-nio-8080-exec-7] DEBUG c.e.s.m.U.loadUserByUsername - <==      Total: 0
2020-04-17 18:11:47.436[http-nio-8080-exec-3][http-nio-8080-exec-3] DEBUG c.e.s.m.U.loadUserByUsername - ==>  Preparing: select * from user where username = ? 
2020-04-17 18:11:47.436[http-nio-8080-exec-3][http-nio-8080-exec-3] DEBUG c.e.s.m.U.loadUserByUsername - ==> Parameters: admin(String)
2020-04-17 18:11:47.445[http-nio-8080-exec-3][http-nio-8080-exec-3] DEBUG c.e.s.m.U.loadUserByUsername - <==      Total: 1
2020-04-17 18:11:47.446[http-nio-8080-exec-3][http-nio-8080-exec-3] DEBUG c.e.s.m.UserMapper.getUserRolesById - ==>  Preparing: select * from role r left join user_role ur on r.id = ur.rid where ur.uid = ? 
2020-04-17 18:11:47.446[http-nio-8080-exec-3][http-nio-8080-exec-3] DEBUG c.e.s.m.UserMapper.getUserRolesById - ==> Parameters: 2(Integer)
2020-04-17 18:11:47.460[http-nio-8080-exec-3][http-nio-8080-exec-3] DEBUG c.e.s.m.UserMapper.getUserRolesById - <==      Total: 1
